<?xml version="1.0" encoding="UTF-8"?>
<!-- Generated by org.testng.reporters.JUnitReportReporter -->
<testsuite hostname="DESKTOP-DA62AFG" name="com.jenkins.jenkinsSelenium" tests="1" failures="0" timestamp="28 Apr 2017 02:51:41 GMT" time="0.053" errors="0">
  <testcase name="VerifyTitle" time="0.053" classname="com.jenkins.jenkinsSelenium"/>
</testsuite> <!-- com.jenkins.jenkinsSelenium -->
